[2024-08-23 15:38:51Z INFO HostContext] No proxy settings were found based on environmental variables (http_proxy/https_proxy/HTTP_PROXY/HTTPS_PROXY)
[2024-08-23 15:38:51Z INFO HostContext] Well known directory 'Bin': '/workspaces/Github-Examples/actions-runner/bin'
[2024-08-23 15:38:51Z INFO HostContext] Well known directory 'Root': '/workspaces/Github-Examples/actions-runner'
[2024-08-23 15:38:51Z INFO HostContext] Well known config file 'Credentials': '/workspaces/Github-Examples/actions-runner/.credentials'
[2024-08-23 15:38:51Z INFO HostContext] Well known directory 'Bin': '/workspaces/Github-Examples/actions-runner/bin'
[2024-08-23 15:38:51Z INFO HostContext] Well known directory 'Root': '/workspaces/Github-Examples/actions-runner'
[2024-08-23 15:38:51Z INFO HostContext] Well known config file 'Runner': '/workspaces/Github-Examples/actions-runner/.runner'
[2024-08-23 15:38:51Z INFO Listener] Runner is built for Linux (X64) - linux-x64.
[2024-08-23 15:38:51Z INFO Listener] RuntimeInformation: Linux 6.5.0-1022-azure #23~22.04.1-Ubuntu SMP Thu May  9 17:59:24 UTC 2024.
[2024-08-23 15:38:51Z INFO Listener] Version: 2.319.1
[2024-08-23 15:38:51Z INFO Listener] Commit: bc6614c04d3ddc20e5ca5d5a87ae2b58dda322ec
[2024-08-23 15:38:51Z INFO Listener] Culture: 
[2024-08-23 15:38:51Z INFO Listener] UI Culture: 
[2024-08-23 15:38:51Z INFO HostContext] Well known directory 'Bin': '/workspaces/Github-Examples/actions-runner/bin'
[2024-08-23 15:38:51Z INFO HostContext] Well known directory 'Root': '/workspaces/Github-Examples/actions-runner'
[2024-08-23 15:38:51Z INFO Listener] Validating directory permissions for: '/workspaces/Github-Examples/actions-runner'
[2024-08-23 15:38:51Z INFO CommandLineParser] Parse
[2024-08-23 15:38:51Z INFO CommandLineParser] Parsing 5 args
[2024-08-23 15:38:51Z INFO CommandLineParser] parsing argument
[2024-08-23 15:38:51Z INFO CommandLineParser] HasArgs: False
[2024-08-23 15:38:51Z INFO CommandLineParser] Adding Command: configure
[2024-08-23 15:38:51Z INFO CommandLineParser] parsing argument
[2024-08-23 15:38:51Z INFO CommandLineParser] HasArgs: True
[2024-08-23 15:38:51Z INFO CommandLineParser] arg: url
[2024-08-23 15:38:51Z INFO CommandLineParser] parsing argument
[2024-08-23 15:38:51Z INFO CommandLineParser] HasArgs: True
[2024-08-23 15:38:51Z INFO CommandLineParser] Adding option 'url': 'https://github.com/sayam-em/Github-Examples'
[2024-08-23 15:38:51Z INFO CommandLineParser] parsing argument
[2024-08-23 15:38:51Z INFO CommandLineParser] HasArgs: True
[2024-08-23 15:38:51Z INFO CommandLineParser] arg: token
[2024-08-23 15:38:51Z INFO CommandLineParser] parsing argument
[2024-08-23 15:38:51Z INFO CommandLineParser] HasArgs: True
[2024-08-23 15:38:51Z INFO CommandLineParser] Adding option 'token': '***'
[2024-08-23 15:38:51Z INFO Listener] Arguments parsed
[2024-08-23 15:38:51Z INFO Runner] ExecuteCommand
[2024-08-23 15:38:51Z INFO ConfigurationStore] currentAssemblyLocation: /workspaces/Github-Examples/actions-runner/bin/Runner.Listener.dll
[2024-08-23 15:38:51Z INFO HostContext] Well known directory 'Bin': '/workspaces/Github-Examples/actions-runner/bin'
[2024-08-23 15:38:51Z INFO ConfigurationStore] binPath: /workspaces/Github-Examples/actions-runner/bin
[2024-08-23 15:38:51Z INFO HostContext] Well known directory 'Bin': '/workspaces/Github-Examples/actions-runner/bin'
[2024-08-23 15:38:51Z INFO HostContext] Well known directory 'Root': '/workspaces/Github-Examples/actions-runner'
[2024-08-23 15:38:51Z INFO ConfigurationStore] RootFolder: /workspaces/Github-Examples/actions-runner
[2024-08-23 15:38:51Z INFO HostContext] Well known directory 'Bin': '/workspaces/Github-Examples/actions-runner/bin'
[2024-08-23 15:38:51Z INFO HostContext] Well known directory 'Root': '/workspaces/Github-Examples/actions-runner'
[2024-08-23 15:38:51Z INFO HostContext] Well known config file 'Runner': '/workspaces/Github-Examples/actions-runner/.runner'
[2024-08-23 15:38:51Z INFO ConfigurationStore] ConfigFilePath: /workspaces/Github-Examples/actions-runner/.runner
[2024-08-23 15:38:51Z INFO HostContext] Well known directory 'Bin': '/workspaces/Github-Examples/actions-runner/bin'
[2024-08-23 15:38:51Z INFO HostContext] Well known directory 'Root': '/workspaces/Github-Examples/actions-runner'
[2024-08-23 15:38:51Z INFO HostContext] Well known config file 'Credentials': '/workspaces/Github-Examples/actions-runner/.credentials'
[2024-08-23 15:38:51Z INFO ConfigurationStore] CredFilePath: /workspaces/Github-Examples/actions-runner/.credentials
[2024-08-23 15:38:51Z INFO HostContext] Well known directory 'Bin': '/workspaces/Github-Examples/actions-runner/bin'
[2024-08-23 15:38:51Z INFO HostContext] Well known directory 'Root': '/workspaces/Github-Examples/actions-runner'
[2024-08-23 15:38:51Z INFO HostContext] Well known config file 'MigratedCredentials': '/workspaces/Github-Examples/actions-runner/.credentials_migrated'
[2024-08-23 15:38:51Z INFO ConfigurationStore] MigratedCredFilePath: /workspaces/Github-Examples/actions-runner/.credentials_migrated
[2024-08-23 15:38:51Z INFO HostContext] Well known directory 'Bin': '/workspaces/Github-Examples/actions-runner/bin'
[2024-08-23 15:38:51Z INFO HostContext] Well known directory 'Root': '/workspaces/Github-Examples/actions-runner'
[2024-08-23 15:38:51Z INFO HostContext] Well known config file 'Service': '/workspaces/Github-Examples/actions-runner/.service'
[2024-08-23 15:38:51Z INFO ConfigurationStore] ServiceConfigFilePath: /workspaces/Github-Examples/actions-runner/.service
[2024-08-23 15:38:51Z INFO CommandSettings] Flag 'help': 'False'
[2024-08-23 15:38:51Z INFO CommandSettings] Flag 'version': 'False'
[2024-08-23 15:38:51Z INFO CommandSettings] Flag 'commit': 'False'
[2024-08-23 15:38:51Z INFO CommandSettings] Flag 'check': 'False'
[2024-08-23 15:38:51Z INFO CommandSettings] Command 'configure': 'True'
[2024-08-23 15:38:51Z INFO Terminal] WRITE LINE: 
[2024-08-23 15:38:51Z INFO Terminal] WRITE LINE: --------------------------------------------------------------------------------
[2024-08-23 15:38:51Z INFO Terminal] WRITE LINE: |        ____ _ _   _   _       _          _        _   _                      |
[2024-08-23 15:38:51Z INFO Terminal] WRITE LINE: |       / ___(_) |_| | | |_   _| |__      / \   ___| |_(_) ___  _ __  ___      |
[2024-08-23 15:38:51Z INFO Terminal] WRITE LINE: |      | |  _| | __| |_| | | | | '_ \    / _ \ / __| __| |/ _ \| '_ \/ __|     |
[2024-08-23 15:38:51Z INFO Terminal] WRITE LINE: |      | |_| | | |_|  _  | |_| | |_) |  / ___ \ (__| |_| | (_) | | | \__ \     |
[2024-08-23 15:38:51Z INFO Terminal] WRITE LINE: |       \____|_|\__|_| |_|\__,_|_.__/  /_/   \_\___|\__|_|\___/|_| |_|___/     |
[2024-08-23 15:38:51Z INFO Terminal] WRITE LINE: |                                                                              |
[2024-08-23 15:38:51Z INFO Terminal] WRITE: |                       
[2024-08-23 15:38:51Z INFO Terminal] WRITE: Self-hosted runner registration
[2024-08-23 15:38:51Z INFO Terminal] WRITE LINE:                         |
[2024-08-23 15:38:51Z INFO Terminal] WRITE LINE: |                                                                              |
[2024-08-23 15:38:51Z INFO Terminal] WRITE LINE: --------------------------------------------------------------------------------
[2024-08-23 15:38:51Z INFO ConfigurationManager] ConfigureAsync
[2024-08-23 15:38:51Z INFO CommandSettings] Flag 'generateServiceConfig': 'False'
[2024-08-23 15:38:51Z INFO ConfigurationStore] IsConfigured()
[2024-08-23 15:38:51Z INFO ConfigurationStore] IsConfigured: False
[2024-08-23 15:38:51Z INFO ConfigurationManager] Is configured: False
[2024-08-23 15:38:51Z INFO CommandSettings] Arg 'url': 'https://github.com/sayam-em/Github-Examples'
[2024-08-23 15:38:51Z INFO CommandSettings] Remove url from Arg dictionary.
[2024-08-23 15:38:51Z INFO CommandSettings] Arg 'token': '***'
[2024-08-23 15:38:51Z INFO CommandSettings] Remove token from Arg dictionary.
[2024-08-23 15:38:51Z INFO ConfigurationManager] Http response code: OK from 'POST https://api.github.com/actions/runner-registration' (D5C1:2A10EA:8AACD4:91D971:66C8AD0B)
[2024-08-23 15:38:51Z INFO ConfigurationManager] Using V2 flow: False
[2024-08-23 15:38:51Z INFO ConfigurationManager] cred retrieved via GitHub auth
[2024-08-23 15:38:51Z INFO RunnerServer] EstablishVssConnection
[2024-08-23 15:38:51Z INFO RunnerServer] Establish connection with 100 seconds timeout.
[2024-08-23 15:38:51Z INFO GitHubActionsService] Starting operation Location.GetConnectionData
[2024-08-23 15:38:52Z INFO RunnerServer] EstablishVssConnection
[2024-08-23 15:38:52Z INFO RunnerServer] Establish connection with 60 seconds timeout.
[2024-08-23 15:38:52Z INFO GitHubActionsService] Starting operation Location.GetConnectionData
[2024-08-23 15:38:52Z INFO RunnerServer] EstablishVssConnection
[2024-08-23 15:38:52Z INFO RunnerServer] Establish connection with 60 seconds timeout.
[2024-08-23 15:38:52Z INFO GitHubActionsService] Starting operation Location.GetConnectionData
[2024-08-23 15:38:53Z INFO GitHubActionsService] Finished operation Location.GetConnectionData
[2024-08-23 15:38:53Z INFO GitHubActionsService] Finished operation Location.GetConnectionData
[2024-08-23 15:38:53Z INFO GitHubActionsService] Finished operation Location.GetConnectionData
[2024-08-23 15:38:53Z INFO Terminal] WRITE LINE: 
[2024-08-23 15:38:53Z INFO ConfigurationManager] Test Connection complete.
[2024-08-23 15:38:53Z INFO HostContext] Well known directory 'Bin': '/workspaces/Github-Examples/actions-runner/bin'
[2024-08-23 15:38:53Z INFO HostContext] Well known directory 'Root': '/workspaces/Github-Examples/actions-runner'
[2024-08-23 15:38:53Z INFO HostContext] Well known config file 'RSACredentials': '/workspaces/Github-Examples/actions-runner/.credentials_rsaparams'
[2024-08-23 15:38:53Z INFO RSAFileKeyManager] Creating new RSA key using 2048-bit key length
[2024-08-23 15:38:53Z INFO RSAFileKeyManager] Successfully saved RSA key parameters to file /workspaces/Github-Examples/actions-runner/.credentials_rsaparams
[2024-08-23 15:38:53Z INFO RSAFileKeyManager] Which2: 'chmod'
[2024-08-23 15:38:53Z INFO RSAFileKeyManager] Location: '/usr/bin/chmod'
[2024-08-23 15:38:53Z INFO HostContext] Well known directory 'Bin': '/workspaces/Github-Examples/actions-runner/bin'
[2024-08-23 15:38:53Z INFO HostContext] Well known directory 'Root': '/workspaces/Github-Examples/actions-runner'
[2024-08-23 15:38:53Z INFO ProcessInvokerWrapper] Starting process:
[2024-08-23 15:38:53Z INFO ProcessInvokerWrapper]   File name: '/usr/bin/chmod'
[2024-08-23 15:38:53Z INFO ProcessInvokerWrapper]   Arguments: '600 /workspaces/Github-Examples/actions-runner/.credentials_rsaparams'
[2024-08-23 15:38:53Z INFO ProcessInvokerWrapper]   Working directory: '/workspaces/Github-Examples/actions-runner'
[2024-08-23 15:38:53Z INFO ProcessInvokerWrapper]   Require exit code zero: 'False'
[2024-08-23 15:38:53Z INFO ProcessInvokerWrapper]   Encoding web name:  ; code page: ''
[2024-08-23 15:38:53Z INFO ProcessInvokerWrapper]   Force kill process on cancellation: 'False'
[2024-08-23 15:38:53Z INFO ProcessInvokerWrapper]   Redirected STDIN: 'False'
[2024-08-23 15:38:53Z INFO ProcessInvokerWrapper]   Persist current code page: 'False'
[2024-08-23 15:38:53Z INFO ProcessInvokerWrapper]   Keep redirected STDIN open: 'False'
[2024-08-23 15:38:53Z INFO ProcessInvokerWrapper]   High priority process: 'False'
[2024-08-23 15:38:53Z INFO ProcessInvokerWrapper] STDOUT/STDERR stream read finished.
[2024-08-23 15:38:53Z INFO ProcessInvokerWrapper] STDOUT/STDERR stream read finished.
[2024-08-23 15:38:53Z INFO ProcessInvokerWrapper] Process started with process id 59415, waiting for process exit.
[2024-08-23 15:38:53Z INFO ProcessInvokerWrapper] Finished process 59415 with exit code 0, and elapsed time 00:00:00.0308275.
[2024-08-23 15:38:53Z INFO RSAFileKeyManager] Successfully set permissions for RSA key parameters file /workspaces/Github-Examples/actions-runner/.credentials_rsaparams
[2024-08-23 15:38:53Z INFO CommandSettings] Arg 'runnergroup': ''
[2024-08-23 15:38:53Z INFO CommandSettings] Flag 'unattended': 'False'
[2024-08-23 15:38:53Z INFO PromptManager] ReadValue
[2024-08-23 15:38:53Z INFO Terminal] WRITE: Enter the name of the runner group to add this runner to: 
[2024-08-23 15:38:53Z INFO Terminal] WRITE: [press Enter for Default] 
[2024-08-23 15:38:53Z INFO Terminal] READ LINE
[2024-08-23 15:38:56Z INFO Terminal] Read value: ''
[2024-08-23 15:38:56Z INFO PromptManager] Falling back to the default: 'Default'
[2024-08-23 15:38:56Z INFO Terminal] WRITE LINE: 
[2024-08-23 15:38:56Z INFO ConfigurationManager] Found a self-hosted runner group with id 1 and name Default
[2024-08-23 15:38:56Z INFO CommandSettings] Flag 'disableupdate': 'False'
[2024-08-23 15:38:56Z INFO CommandSettings] Flag 'ephemeral': 'False'
[2024-08-23 15:38:56Z INFO CommandSettings] Arg 'name': ''
[2024-08-23 15:38:56Z INFO CommandSettings] Flag 'unattended': 'False'
[2024-08-23 15:38:56Z INFO PromptManager] ReadValue
[2024-08-23 15:38:56Z INFO Terminal] WRITE: Enter the name of runner: 
[2024-08-23 15:38:56Z INFO Terminal] WRITE: [press Enter for codespaces-06c300] 
[2024-08-23 15:38:56Z INFO Terminal] READ LINE
[2024-08-23 15:39:04Z INFO Terminal] Read value: 'vella'
[2024-08-23 15:39:04Z INFO Terminal] WRITE LINE: 
[2024-08-23 15:39:04Z INFO CommandSettings] Arg 'labels': ''
[2024-08-23 15:39:04Z INFO CommandSettings] Flag 'unattended': 'False'
[2024-08-23 15:39:04Z INFO PromptManager] ReadValue
[2024-08-23 15:39:04Z INFO Terminal] WRITE: This runner will have the following labels: 'self-hosted', 'Linux', 'X64' 
Enter any additional labels (ex. label-1,label-2): 
[2024-08-23 15:39:04Z INFO Terminal] WRITE: [press Enter to skip] 
[2024-08-23 15:39:04Z INFO Terminal] READ LINE
[2024-08-23 15:39:11Z INFO Terminal] Read value: 'vella'
[2024-08-23 15:39:11Z INFO Terminal] WRITE LINE: 
[2024-08-23 15:39:11Z INFO CommandSettings] Flag 'disableupdate': 'False'
[2024-08-23 15:39:11Z INFO CommandSettings] Flag 'no-default-labels': 'False'
[2024-08-23 15:39:11Z INFO CommandSettings] Flag 'disableupdate': 'False'
[2024-08-23 15:39:11Z INFO CommandSettings] Flag 'ephemeral': 'False'
[2024-08-23 15:39:11Z INFO ConfigurationStore] Saving OAuth credential @ /workspaces/Github-Examples/actions-runner/.credentials
[2024-08-23 15:39:11Z INFO ConfigurationStore] Credentials Saved.
[2024-08-23 15:39:11Z INFO ConfigurationStore] HasCredentials()
[2024-08-23 15:39:11Z INFO ConfigurationStore] stored True
[2024-08-23 15:39:11Z INFO CredentialManager] GetCredentialProvider
[2024-08-23 15:39:11Z INFO CredentialManager] Creating type OAuth
[2024-08-23 15:39:11Z INFO CredentialManager] Creating credential type: OAuth
[2024-08-23 15:39:11Z INFO RSAFileKeyManager] Loading RSA key parameters from file /workspaces/Github-Examples/actions-runner/.credentials_rsaparams
[2024-08-23 15:39:11Z INFO RunnerServer] EstablishVssConnection
[2024-08-23 15:39:11Z INFO RunnerServer] Establish connection with 100 seconds timeout.
[2024-08-23 15:39:11Z INFO GitHubActionsService] Starting operation Location.GetConnectionData
[2024-08-23 15:39:11Z INFO RunnerServer] EstablishVssConnection
[2024-08-23 15:39:11Z INFO RunnerServer] Establish connection with 60 seconds timeout.
[2024-08-23 15:39:11Z INFO GitHubActionsService] Starting operation Location.GetConnectionData
[2024-08-23 15:39:11Z INFO RunnerServer] EstablishVssConnection
[2024-08-23 15:39:11Z INFO RunnerServer] Establish connection with 60 seconds timeout.
[2024-08-23 15:39:11Z INFO GitHubActionsService] Starting operation Location.GetConnectionData
[2024-08-23 15:39:12Z INFO GitHubActionsService] Finished operation Location.GetConnectionData
[2024-08-23 15:39:12Z INFO GitHubActionsService] Finished operation Location.GetConnectionData
[2024-08-23 15:39:12Z INFO GitHubActionsService] Finished operation Location.GetConnectionData
[2024-08-23 15:39:12Z INFO RSAFileKeyManager] Loading RSA key parameters from file /workspaces/Github-Examples/actions-runner/.credentials_rsaparams
[2024-08-23 15:39:12Z INFO RSAFileKeyManager] Loading RSA key parameters from file /workspaces/Github-Examples/actions-runner/.credentials_rsaparams
[2024-08-23 15:39:13Z INFO GitHubActionsService] AAD Correlation ID for this token request: Unknown
[2024-08-23 15:39:13Z INFO CommandSettings] Arg 'work': ''
[2024-08-23 15:39:13Z INFO CommandSettings] Flag 'unattended': 'False'
[2024-08-23 15:39:13Z INFO PromptManager] ReadValue
[2024-08-23 15:39:13Z INFO Terminal] WRITE: Enter name of work folder: 
[2024-08-23 15:39:13Z INFO Terminal] WRITE: [press Enter for _work] 
[2024-08-23 15:39:13Z INFO Terminal] READ LINE
[2024-08-23 15:40:18Z INFO Terminal] Read value: ''
[2024-08-23 15:40:18Z INFO PromptManager] Falling back to the default: '_work'
[2024-08-23 15:40:18Z INFO ConfigurationStore] Saving runner settings.
[2024-08-23 15:40:18Z INFO ConfigurationStore] Settings Saved.
[2024-08-23 15:40:18Z INFO Terminal] WRITE LINE: 
[2024-08-23 15:40:18Z INFO Terminal] WRITE LINE: 
[2024-08-23 15:40:18Z INFO SystemDControlManager] Service name 'actions.runner.sayam-em-Github-Examples.vella.service' display name 'GitHub Actions Runner (sayam-em-Github-Examples.vella)' will be used for service configuration.
[2024-08-23 15:40:18Z INFO HostContext] Well known directory 'Bin': '/workspaces/Github-Examples/actions-runner/bin'
[2024-08-23 15:40:18Z INFO HostContext] Well known directory 'Root': '/workspaces/Github-Examples/actions-runner'
[2024-08-23 15:40:18Z INFO HostContext] Well known directory 'Bin': '/workspaces/Github-Examples/actions-runner/bin'
[2024-08-23 15:40:18Z INFO HostContext] Well known directory 'Bin': '/workspaces/Github-Examples/actions-runner/bin'
[2024-08-23 15:40:18Z INFO HostContext] Well known directory 'Root': '/workspaces/Github-Examples/actions-runner'
[2024-08-23 15:40:18Z INFO UnixUtil] Which2: 'chmod'
[2024-08-23 15:40:18Z INFO UnixUtil] Location: '/usr/bin/chmod'
[2024-08-23 15:40:18Z INFO UnixUtil] Running /usr/bin/chmod 755 "/workspaces/Github-Examples/actions-runner/svc.sh"
[2024-08-23 15:40:18Z INFO ProcessInvokerWrapper] Starting process:
[2024-08-23 15:40:18Z INFO ProcessInvokerWrapper]   File name: '/usr/bin/chmod'
[2024-08-23 15:40:18Z INFO ProcessInvokerWrapper]   Arguments: '755 "/workspaces/Github-Examples/actions-runner/svc.sh"'
[2024-08-23 15:40:18Z INFO ProcessInvokerWrapper]   Working directory: '/workspaces/Github-Examples/actions-runner'
[2024-08-23 15:40:18Z INFO ProcessInvokerWrapper]   Require exit code zero: 'True'
[2024-08-23 15:40:18Z INFO ProcessInvokerWrapper]   Encoding web name:  ; code page: ''
[2024-08-23 15:40:18Z INFO ProcessInvokerWrapper]   Force kill process on cancellation: 'False'
[2024-08-23 15:40:18Z INFO ProcessInvokerWrapper]   Redirected STDIN: 'False'
[2024-08-23 15:40:18Z INFO ProcessInvokerWrapper]   Persist current code page: 'False'
[2024-08-23 15:40:18Z INFO ProcessInvokerWrapper]   Keep redirected STDIN open: 'False'
[2024-08-23 15:40:18Z INFO ProcessInvokerWrapper]   High priority process: 'False'
[2024-08-23 15:40:18Z INFO ProcessInvokerWrapper] Process started with process id 60105, waiting for process exit.
[2024-08-23 15:40:18Z INFO ProcessInvokerWrapper] STDOUT/STDERR stream read finished.
[2024-08-23 15:40:18Z INFO ProcessInvokerWrapper] STDOUT/STDERR stream read finished.
[2024-08-23 15:40:18Z INFO ProcessInvokerWrapper] Finished process 60105 with exit code 0, and elapsed time 00:00:00.0019537.
[2024-08-23 15:40:18Z INFO Listener] Runner execution has finished with return code 0
