[2024-08-23 15:41:56Z INFO HostContext] No proxy settings were found based on environmental variables (http_proxy/https_proxy/HTTP_PROXY/HTTPS_PROXY)
[2024-08-23 15:41:56Z INFO HostContext] Well known directory 'Bin': '/workspaces/Github-Examples/actions-runner/bin'
[2024-08-23 15:41:56Z INFO HostContext] Well known directory 'Root': '/workspaces/Github-Examples/actions-runner'
[2024-08-23 15:41:56Z INFO HostContext] Well known config file 'Credentials': '/workspaces/Github-Examples/actions-runner/.credentials'
[2024-08-23 15:41:56Z INFO HostContext] Well known directory 'Bin': '/workspaces/Github-Examples/actions-runner/bin'
[2024-08-23 15:41:56Z INFO HostContext] Well known directory 'Root': '/workspaces/Github-Examples/actions-runner'
[2024-08-23 15:41:56Z INFO HostContext] Well known config file 'Runner': '/workspaces/Github-Examples/actions-runner/.runner'
[2024-08-23 15:41:56Z INFO Listener] Runner is built for Linux (X64) - linux-x64.
[2024-08-23 15:41:56Z INFO Listener] RuntimeInformation: Linux 6.5.0-1022-azure #23~22.04.1-Ubuntu SMP Thu May  9 17:59:24 UTC 2024.
[2024-08-23 15:41:56Z INFO Listener] Version: 2.319.1
[2024-08-23 15:41:56Z INFO Listener] Commit: bc6614c04d3ddc20e5ca5d5a87ae2b58dda322ec
[2024-08-23 15:41:56Z INFO Listener] Culture: 
[2024-08-23 15:41:56Z INFO Listener] UI Culture: 
[2024-08-23 15:41:56Z INFO HostContext] Well known directory 'Bin': '/workspaces/Github-Examples/actions-runner/bin'
[2024-08-23 15:41:56Z INFO HostContext] Well known directory 'Root': '/workspaces/Github-Examples/actions-runner'
[2024-08-23 15:41:56Z INFO Listener] Validating directory permissions for: '/workspaces/Github-Examples/actions-runner'
[2024-08-23 15:41:56Z INFO CommandLineParser] Parse
[2024-08-23 15:41:56Z INFO CommandLineParser] Parsing 1 args
[2024-08-23 15:41:56Z INFO CommandLineParser] parsing argument
[2024-08-23 15:41:56Z INFO CommandLineParser] HasArgs: False
[2024-08-23 15:41:56Z INFO CommandLineParser] Adding Command: run
[2024-08-23 15:41:56Z INFO Listener] Arguments parsed
[2024-08-23 15:41:56Z INFO Runner] ExecuteCommand
[2024-08-23 15:41:56Z INFO ConfigurationStore] currentAssemblyLocation: /workspaces/Github-Examples/actions-runner/bin/Runner.Listener.dll
[2024-08-23 15:41:56Z INFO HostContext] Well known directory 'Bin': '/workspaces/Github-Examples/actions-runner/bin'
[2024-08-23 15:41:56Z INFO ConfigurationStore] binPath: /workspaces/Github-Examples/actions-runner/bin
[2024-08-23 15:41:56Z INFO HostContext] Well known directory 'Bin': '/workspaces/Github-Examples/actions-runner/bin'
[2024-08-23 15:41:56Z INFO HostContext] Well known directory 'Root': '/workspaces/Github-Examples/actions-runner'
[2024-08-23 15:41:56Z INFO ConfigurationStore] RootFolder: /workspaces/Github-Examples/actions-runner
[2024-08-23 15:41:56Z INFO HostContext] Well known directory 'Bin': '/workspaces/Github-Examples/actions-runner/bin'
[2024-08-23 15:41:56Z INFO HostContext] Well known directory 'Root': '/workspaces/Github-Examples/actions-runner'
[2024-08-23 15:41:56Z INFO HostContext] Well known config file 'Runner': '/workspaces/Github-Examples/actions-runner/.runner'
[2024-08-23 15:41:56Z INFO ConfigurationStore] ConfigFilePath: /workspaces/Github-Examples/actions-runner/.runner
[2024-08-23 15:41:56Z INFO HostContext] Well known directory 'Bin': '/workspaces/Github-Examples/actions-runner/bin'
[2024-08-23 15:41:56Z INFO HostContext] Well known directory 'Root': '/workspaces/Github-Examples/actions-runner'
[2024-08-23 15:41:56Z INFO HostContext] Well known config file 'Credentials': '/workspaces/Github-Examples/actions-runner/.credentials'
[2024-08-23 15:41:56Z INFO ConfigurationStore] CredFilePath: /workspaces/Github-Examples/actions-runner/.credentials
[2024-08-23 15:41:56Z INFO HostContext] Well known directory 'Bin': '/workspaces/Github-Examples/actions-runner/bin'
[2024-08-23 15:41:56Z INFO HostContext] Well known directory 'Root': '/workspaces/Github-Examples/actions-runner'
[2024-08-23 15:41:56Z INFO HostContext] Well known config file 'MigratedCredentials': '/workspaces/Github-Examples/actions-runner/.credentials_migrated'
[2024-08-23 15:41:56Z INFO ConfigurationStore] MigratedCredFilePath: /workspaces/Github-Examples/actions-runner/.credentials_migrated
[2024-08-23 15:41:56Z INFO HostContext] Well known directory 'Bin': '/workspaces/Github-Examples/actions-runner/bin'
[2024-08-23 15:41:56Z INFO HostContext] Well known directory 'Root': '/workspaces/Github-Examples/actions-runner'
[2024-08-23 15:41:56Z INFO HostContext] Well known config file 'Service': '/workspaces/Github-Examples/actions-runner/.service'
[2024-08-23 15:41:56Z INFO ConfigurationStore] ServiceConfigFilePath: /workspaces/Github-Examples/actions-runner/.service
[2024-08-23 15:41:56Z INFO CommandSettings] Flag 'help': 'False'
[2024-08-23 15:41:56Z INFO CommandSettings] Flag 'version': 'False'
[2024-08-23 15:41:56Z INFO CommandSettings] Flag 'commit': 'False'
[2024-08-23 15:41:56Z INFO CommandSettings] Flag 'check': 'False'
[2024-08-23 15:41:56Z INFO CommandSettings] Command 'configure': 'False'
[2024-08-23 15:41:56Z INFO CommandSettings] Command 'remove': 'False'
[2024-08-23 15:41:56Z INFO CommandSettings] Command 'warmup': 'False'
[2024-08-23 15:41:56Z INFO ConfigurationManager] LoadSettings
[2024-08-23 15:41:56Z INFO ConfigurationStore] IsConfigured()
[2024-08-23 15:41:56Z INFO ConfigurationStore] IsConfigured: True
[2024-08-23 15:41:56Z INFO ConfigurationManager] Is configured: True
[2024-08-23 15:41:56Z INFO ConfigurationStore] Read setting file: 296 chars
[2024-08-23 15:41:56Z INFO ConfigurationManager] Settings Loaded
[2024-08-23 15:41:56Z INFO ConfigurationStore] IsServiceConfigured()
[2024-08-23 15:41:56Z INFO ConfigurationStore] IsServiceConfigured: False
[2024-08-23 15:41:56Z INFO CommandSettings] Command 'run': 'True'
[2024-08-23 15:41:56Z INFO ConfigurationStore] IsConfigured()
[2024-08-23 15:41:56Z INFO ConfigurationStore] IsConfigured: True
[2024-08-23 15:41:56Z INFO ConfigurationManager] Is configured: True
[2024-08-23 15:41:56Z INFO Runner] Could not parse the argument value '' for StartupType. Defaulting to Manual
[2024-08-23 15:41:56Z INFO Runner] Set runner startup type - Manual
[2024-08-23 15:41:56Z INFO CommandSettings] Flag 'once': 'False'
[2024-08-23 15:41:56Z INFO CommandSettings] Flag 'once': 'False'
[2024-08-23 15:41:56Z INFO Runner] RunAsync
[2024-08-23 15:41:56Z INFO ConfigurationManager] LoadSettings
[2024-08-23 15:41:56Z INFO ConfigurationStore] IsConfigured()
[2024-08-23 15:41:56Z INFO ConfigurationStore] IsConfigured: True
[2024-08-23 15:41:56Z INFO ConfigurationManager] Is configured: True
[2024-08-23 15:41:56Z INFO ConfigurationManager] Settings Loaded
[2024-08-23 15:41:56Z INFO MessageListener] {
  "AgentId": 2,
  "AgentName": "vella",
  "PoolId": 1,
  "PoolName": "Default",
  "ServerUrl": "https://pipelinesghubeus26.actions.githubusercontent.com/YeEKa358elgnT4rHcGfXYldl5dYDAfXlW3k3abNMS54KQstvZc/",
  "GitHubUrl": "https://github.com/sayam-em/Github-Examples",
  "WorkFolder": "_work"
}
[2024-08-23 15:41:56Z INFO MessageListener] Loading Credentials
[2024-08-23 15:41:56Z INFO ConfigurationStore] HasCredentials()
[2024-08-23 15:41:56Z INFO ConfigurationStore] stored True
[2024-08-23 15:41:56Z INFO CredentialManager] GetCredentialProvider
[2024-08-23 15:41:56Z INFO CredentialManager] Creating type OAuth
[2024-08-23 15:41:56Z INFO CredentialManager] Creating credential type: OAuth
[2024-08-23 15:41:56Z INFO HostContext] Well known directory 'Bin': '/workspaces/Github-Examples/actions-runner/bin'
[2024-08-23 15:41:56Z INFO HostContext] Well known directory 'Root': '/workspaces/Github-Examples/actions-runner'
[2024-08-23 15:41:56Z INFO HostContext] Well known config file 'RSACredentials': '/workspaces/Github-Examples/actions-runner/.credentials_rsaparams'
[2024-08-23 15:41:56Z INFO RSAFileKeyManager] Loading RSA key parameters from file /workspaces/Github-Examples/actions-runner/.credentials_rsaparams
[2024-08-23 15:41:56Z INFO MessageListener] Attempt to create session.
[2024-08-23 15:41:56Z INFO MessageListener] Connecting to the Runner Server...
[2024-08-23 15:41:56Z INFO RunnerServer] EstablishVssConnection
[2024-08-23 15:41:56Z INFO RunnerServer] Establish connection with 100 seconds timeout.
[2024-08-23 15:41:56Z INFO GitHubActionsService] Starting operation Location.GetConnectionData
[2024-08-23 15:41:56Z INFO RunnerServer] EstablishVssConnection
[2024-08-23 15:41:56Z INFO RunnerServer] Establish connection with 60 seconds timeout.
[2024-08-23 15:41:56Z INFO GitHubActionsService] Starting operation Location.GetConnectionData
[2024-08-23 15:41:56Z INFO RunnerServer] EstablishVssConnection
[2024-08-23 15:41:56Z INFO RunnerServer] Establish connection with 60 seconds timeout.
[2024-08-23 15:41:56Z INFO GitHubActionsService] Starting operation Location.GetConnectionData
[2024-08-23 15:41:57Z INFO GitHubActionsService] Finished operation Location.GetConnectionData
[2024-08-23 15:41:57Z INFO GitHubActionsService] Finished operation Location.GetConnectionData
[2024-08-23 15:41:57Z INFO GitHubActionsService] Finished operation Location.GetConnectionData
[2024-08-23 15:41:57Z INFO MessageListener] VssConnection created
[2024-08-23 15:41:57Z INFO Terminal] WRITE LINE: 
[2024-08-23 15:41:57Z INFO Terminal] WRITE LINE: 
[2024-08-23 15:41:58Z INFO RSAFileKeyManager] Loading RSA key parameters from file /workspaces/Github-Examples/actions-runner/.credentials_rsaparams
[2024-08-23 15:41:58Z INFO RSAFileKeyManager] Loading RSA key parameters from file /workspaces/Github-Examples/actions-runner/.credentials_rsaparams
[2024-08-23 15:41:59Z INFO GitHubActionsService] AAD Correlation ID for this token request: Unknown
[2024-08-23 15:41:59Z INFO MessageListener] Session created.
[2024-08-23 15:41:59Z INFO Terminal] WRITE LINE: Current runner version: '2.319.1'
[2024-08-23 15:41:59Z INFO Terminal] WRITE LINE: 2024-08-23 15:41:59Z: Listening for Jobs
[2024-08-23 15:41:59Z INFO JobDispatcher] Set runner/worker IPC timeout to 30 seconds.
[2024-08-23 15:47:10Z WARN GitHubActionsService] GET request to https://pipelinesghubeus26.actions.githubusercontent.com/YeEKa358elgnT4rHcGfXYldl5dYDAfXlW3k3abNMS54KQstvZc/_apis/distributedtask/pools/1/messages?sessionId=82f37cc6-4bf8-470f-9c28-e56e73ceb978&status=Online&runnerVersion=2.319.1&os=Linux&architecture=X64&disableUpdate=false timed out after 60 seconds.
[2024-08-23 15:47:10Z ERR  MessageListener] Catch exception during get next message.
[2024-08-23 15:47:10Z ERR  MessageListener] System.TimeoutException: The HTTP request timed out after 00:01:00.
 ---> System.Threading.Tasks.TaskCanceledException: The operation was canceled.
 ---> System.IO.IOException: Unable to read data from the transport connection: Operation canceled.
 ---> System.Net.Sockets.SocketException (125): Operation canceled
   --- End of inner exception stack trace ---
   at System.Net.Sockets.Socket.AwaitableSocketAsyncEventArgs.ThrowException(SocketError error, CancellationToken cancellationToken)
   at System.Net.Sockets.Socket.AwaitableSocketAsyncEventArgs.System.Threading.Tasks.Sources.IValueTaskSource<System.Int32>.GetResult(Int16 token)
   at System.Net.Security.SslStream.EnsureFullTlsFrameAsync[TIOAdapter](TIOAdapter adapter)
   at System.Net.Security.SslStream.ReadAsyncInternal[TIOAdapter](TIOAdapter adapter, Memory`1 buffer)
   at System.Net.Http.HttpConnection.InitialFillAsync(Boolean async)
   at System.Net.Http.HttpConnection.SendAsyncCore(HttpRequestMessage request, Boolean async, CancellationToken cancellationToken)
   --- End of inner exception stack trace ---
   at System.Net.Http.HttpConnection.SendAsyncCore(HttpRequestMessage request, Boolean async, CancellationToken cancellationToken)
   at System.Net.Http.AuthenticationHelper.SendWithNtAuthAsync(HttpRequestMessage request, Uri authUri, Boolean async, ICredentials credentials, Boolean isProxyAuth, HttpConnection connection, HttpConnectionPool connectionPool, CancellationToken cancellationToken)
   at System.Net.Http.HttpConnectionPool.SendWithVersionDetectionAndRetryAsync(HttpRequestMessage request, Boolean async, Boolean doRequestAuth, CancellationToken cancellationToken)
   at System.Net.Http.AuthenticationHelper.SendWithAuthAsync(HttpRequestMessage request, Uri authUri, Boolean async, ICredentials credentials, Boolean preAuthenticate, Boolean isProxyAuth, Boolean doRequestAuth, HttpConnectionPool pool, CancellationToken cancellationToken)
   at System.Net.Http.DecompressionHandler.SendAsync(HttpRequestMessage request, Boolean async, CancellationToken cancellationToken)
   at GitHub.Services.Common.VssHttpMessageHandler.SendAsync(HttpRequestMessage request, CancellationToken cancellationToken)
   --- End of inner exception stack trace ---
   at GitHub.Services.Common.VssHttpMessageHandler.SendAsync(HttpRequestMessage request, CancellationToken cancellationToken)
   at GitHub.Services.Common.VssHttpRetryMessageHandler.SendAsync(HttpRequestMessage request, CancellationToken cancellationToken)
   at System.Net.Http.HttpClient.<SendAsync>g__Core|83_0(HttpRequestMessage request, HttpCompletionOption completionOption, CancellationTokenSource cts, Boolean disposeCts, CancellationTokenSource pendingRequestsCts, CancellationToken originalCancellationToken)
   at GitHub.Services.WebApi.VssHttpClientBase.SendAsync(HttpRequestMessage message, HttpCompletionOption completionOption, Object userState, CancellationToken cancellationToken)
   at GitHub.Services.WebApi.VssHttpClientBase.SendAsync[T](HttpRequestMessage message, Object userState, CancellationToken cancellationToken)
   at GitHub.Services.WebApi.VssHttpClientBase.SendAsync[T](HttpMethod method, IEnumerable`1 additionalHeaders, Guid locationId, Object routeValues, ApiResourceVersion version, HttpContent content, IEnumerable`1 queryParameters, Object userState, CancellationToken cancellationToken)
   at GitHub.Runner.Listener.MessageListener.GetNextMessageAsync(CancellationToken token)
[2024-08-23 15:47:10Z ERR  MessageListener] #####################################################
[2024-08-23 15:47:10Z ERR  MessageListener] System.Threading.Tasks.TaskCanceledException: The operation was canceled.
 ---> System.IO.IOException: Unable to read data from the transport connection: Operation canceled.
 ---> System.Net.Sockets.SocketException (125): Operation canceled
   --- End of inner exception stack trace ---
   at System.Net.Sockets.Socket.AwaitableSocketAsyncEventArgs.ThrowException(SocketError error, CancellationToken cancellationToken)
   at System.Net.Sockets.Socket.AwaitableSocketAsyncEventArgs.System.Threading.Tasks.Sources.IValueTaskSource<System.Int32>.GetResult(Int16 token)
   at System.Net.Security.SslStream.EnsureFullTlsFrameAsync[TIOAdapter](TIOAdapter adapter)
   at System.Net.Security.SslStream.ReadAsyncInternal[TIOAdapter](TIOAdapter adapter, Memory`1 buffer)
   at System.Net.Http.HttpConnection.InitialFillAsync(Boolean async)
   at System.Net.Http.HttpConnection.SendAsyncCore(HttpRequestMessage request, Boolean async, CancellationToken cancellationToken)
   --- End of inner exception stack trace ---
   at System.Net.Http.HttpConnection.SendAsyncCore(HttpRequestMessage request, Boolean async, CancellationToken cancellationToken)
   at System.Net.Http.AuthenticationHelper.SendWithNtAuthAsync(HttpRequestMessage request, Uri authUri, Boolean async, ICredentials credentials, Boolean isProxyAuth, HttpConnection connection, HttpConnectionPool connectionPool, CancellationToken cancellationToken)
   at System.Net.Http.HttpConnectionPool.SendWithVersionDetectionAndRetryAsync(HttpRequestMessage request, Boolean async, Boolean doRequestAuth, CancellationToken cancellationToken)
   at System.Net.Http.AuthenticationHelper.SendWithAuthAsync(HttpRequestMessage request, Uri authUri, Boolean async, ICredentials credentials, Boolean preAuthenticate, Boolean isProxyAuth, Boolean doRequestAuth, HttpConnectionPool pool, CancellationToken cancellationToken)
   at System.Net.Http.DecompressionHandler.SendAsync(HttpRequestMessage request, Boolean async, CancellationToken cancellationToken)
   at GitHub.Services.Common.VssHttpMessageHandler.SendAsync(HttpRequestMessage request, CancellationToken cancellationToken)
[2024-08-23 15:47:10Z ERR  MessageListener] #####################################################
[2024-08-23 15:47:10Z ERR  MessageListener] System.IO.IOException: Unable to read data from the transport connection: Operation canceled.
 ---> System.Net.Sockets.SocketException (125): Operation canceled
   --- End of inner exception stack trace ---
   at System.Net.Sockets.Socket.AwaitableSocketAsyncEventArgs.ThrowException(SocketError error, CancellationToken cancellationToken)
   at System.Net.Sockets.Socket.AwaitableSocketAsyncEventArgs.System.Threading.Tasks.Sources.IValueTaskSource<System.Int32>.GetResult(Int16 token)
   at System.Net.Security.SslStream.EnsureFullTlsFrameAsync[TIOAdapter](TIOAdapter adapter)
   at System.Net.Security.SslStream.ReadAsyncInternal[TIOAdapter](TIOAdapter adapter, Memory`1 buffer)
   at System.Net.Http.HttpConnection.InitialFillAsync(Boolean async)
   at System.Net.Http.HttpConnection.SendAsyncCore(HttpRequestMessage request, Boolean async, CancellationToken cancellationToken)
[2024-08-23 15:47:10Z ERR  MessageListener] #####################################################
[2024-08-23 15:47:10Z ERR  MessageListener] System.Net.Sockets.SocketException (125): Operation canceled
[2024-08-23 15:47:10Z INFO MessageListener] Retriable exception: The HTTP request timed out after 00:01:00.
[2024-08-23 15:47:10Z ERR  Terminal] WRITE ERROR: 2024-08-23 15:47:10Z: Runner connect error: The HTTP request timed out after 00:01:00.. Retrying until reconnected.
[2024-08-23 15:47:10Z INFO RunnerServer] Refresh MessageQueue VssConnection to get on a different AFD node.
[2024-08-23 15:47:10Z INFO RunnerServer] EstablishVssConnection
[2024-08-23 15:47:10Z INFO RunnerServer] Establish connection with 60 seconds timeout.
[2024-08-23 15:47:10Z INFO GitHubActionsService] Starting operation Location.GetConnectionData
[2024-08-23 15:47:11Z INFO GitHubActionsService] Finished operation Location.GetConnectionData
[2024-08-23 15:47:11Z INFO MessageListener] Sleeping for 25.893 seconds before retrying.
